# JRE version: OpenJDK Runtime Environment (8.0_442-b06) (build 1.8.0_442-8u442-b06~us1-0ubuntu1~20.04-b06)
# Java VM: OpenJDK 64-Bit Server VM (25.442-b06 mixed mode linux-amd64 compressed oops)
Heap:
 PSYoungGen      total 150016K, used 14955K [0x0000000719000000, 0x000000072b500000, 0x00000007c0000000)
  eden space 129024K, 11% used [0x0000000719000000,0x0000000719e9afb0,0x0000000720e00000)
  from space 20992K, 0% used [0x0000000720e00000,0x0000000720e00000,0x0000000722280000)
  to   space 20992K, 0% used [0x000000072a080000,0x000000072a080000,0x000000072b500000)
 ParOldGen       total 262656K, used 12888K [0x00000005cb000000, 0x00000005db080000, 0x0000000719000000)
  object space 262656K, 4% used [0x00000005cb000000,0x00000005cbc96380,0x00000005db080000)
 Metaspace       used 21778K, capacity 22218K, committed 22400K, reserved 1069056K
  class space    used 2990K, capacity 3101K, committed 3200K, reserved 1048576K
GC Heap History (4 events):
Event: 5.150 GC heap before
{Heap before GC invocations=1 (full 0):
 PSYoungGen      total 150016K, used 126485K [0x0000000719000000, 0x0000000723700000, 0x00000007c0000000)
  eden space 129024K, 98% used [0x0000000719000000,0x0000000720b854c0,0x0000000720e00000)
  from space 20992K, 0% used [0x0000000722280000,0x0000000722280000,0x0000000723700000)
  to   space 20992K, 0% used [0x0000000720e00000,0x0000000720e00000,0x0000000722280000)
 ParOldGen       total 343040K, used 0K [0x00000005cb000000, 0x00000005dff00000, 0x0000000719000000)
  object space 343040K, 0% used [0x00000005cb000000,0x00000005cb000000,0x00000005dff00000)
 Metaspace       used 20772K, capacity 21244K, committed 21296K, reserved 1067008K
  class space    used 2839K, capacity 2944K, committed 2944K, reserved 1048576K
Event: 5.414 GC heap after
Heap after GC invocations=1 (full 0):
 PSYoungGen      total 150016K, used 13612K [0x0000000719000000, 0x000000072b500000, 0x00000007c0000000)
  eden space 129024K, 0% used [0x0000000719000000,0x0000000719000000,0x0000000720e00000)
  from space 20992K, 64% used [0x0000000720e00000,0x0000000721b4b108,0x0000000722280000)
  to   space 20992K, 0% used [0x000000072a080000,0x000000072a080000,0x000000072b500000)
 ParOldGen       total 343040K, used 80K [0x00000005cb000000, 0x00000005dff00000, 0x0000000719000000)
  object space 343040K, 0% used [0x00000005cb000000,0x00000005cb014010,0x00000005dff00000)
 Metaspace       used 20772K, capacity 21244K, committed 21296K, reserved 1067008K
  class space    used 2839K, capacity 2944K, committed 2944K, reserved 1048576K
}
Event: 5.414 GC heap before
{Heap before GC invocations=2 (full 1):
 PSYoungGen      total 150016K, used 13612K [0x0000000719000000, 0x000000072b500000, 0x00000007c0000000)
  eden space 129024K, 0% used [0x0000000719000000,0x0000000719000000,0x0000000720e00000)
  from space 20992K, 64% used [0x0000000720e00000,0x0000000721b4b108,0x0000000722280000)
  to   space 20992K, 0% used [0x000000072a080000,0x000000072a080000,0x000000072b500000)
 ParOldGen       total 343040K, used 80K [0x00000005cb000000, 0x00000005dff00000, 0x0000000719000000)
  object space 343040K, 0% used [0x00000005cb000000,0x00000005cb014010,0x00000005dff00000)
 Metaspace       used 20772K, capacity 21244K, committed 21296K, reserved 1067008K
  class space    used 2839K, capacity 2944K, committed 2944K, reserved 1048576K
Event: 14.595 GC heap after
Heap after GC invocations=2 (full 1):
 PSYoungGen      total 150016K, used 0K [0x0000000719000000, 0x000000072b500000, 0x00000007c0000000)
  eden space 129024K, 0% used [0x0000000719000000,0x0000000719000000,0x0000000720e00000)
  from space 20992K, 0% used [0x0000000720e00000,0x0000000720e00000,0x0000000722280000)
  to   space 20992K, 0% used [0x000000072a080000,0x000000072a080000,0x000000072b500000)
 ParOldGen       total 262656K, used 12888K [0x00000005cb000000, 0x00000005db080000, 0x0000000719000000)
  object space 262656K, 4% used [0x00000005cb000000,0x00000005cbc96380,0x00000005db080000)
 Metaspace       used 20759K, capacity 21202K, committed 21296K, reserved 1067008K
  class space    used 2835K, capacity 2937K, committed 2944K, reserved 1048576K
}

