# JRE version: OpenJDK Runtime Environment (8.0_422-b05) (build 1.8.0_422-8u422-b05-1~20.04-b05)
# Java VM: OpenJDK 64-Bit Server VM (25.422-b05 mixed mode linux-amd64 compressed oops)
Heap:
 PSYoungGen      total 150016K, used 17534K [0x0000000719000000, 0x000000072b500000, 0x00000007c0000000)
  eden space 129024K, 13% used [0x0000000719000000,0x000000071a11fa58,0x0000000720e00000)
  from space 20992K, 0% used [0x0000000720e00000,0x0000000720e00000,0x0000000722280000)
  to   space 20992K, 0% used [0x000000072a080000,0x000000072a080000,0x000000072b500000)
 ParOldGen       total 267776K, used 12891K [0x00000005cb000000, 0x00000005db580000, 0x0000000719000000)
  object space 267776K, 4% used [0x00000005cb000000,0x00000005cbc96f78,0x00000005db580000)
 Metaspace       used 21704K, capacity 22142K, committed 22400K, reserved 1069056K
  class space    used 2985K, capacity 3099K, committed 3200K, reserved 1048576K
GC Heap History (4 events):
Event: 5.223 GC heap before
{Heap before GC invocations=1 (full 0):
 PSYoungGen      total 150016K, used 126469K [0x0000000719000000, 0x0000000723700000, 0x00000007c0000000)
  eden space 129024K, 98% used [0x0000000719000000,0x0000000720b81440,0x0000000720e00000)
  from space 20992K, 0% used [0x0000000722280000,0x0000000722280000,0x0000000723700000)
  to   space 20992K, 0% used [0x0000000720e00000,0x0000000720e00000,0x0000000722280000)
 ParOldGen       total 343040K, used 0K [0x00000005cb000000, 0x00000005dff00000, 0x0000000719000000)
  object space 343040K, 0% used [0x00000005cb000000,0x00000005cb000000,0x00000005dff00000)
 Metaspace       used 20771K, capacity 21244K, committed 21296K, reserved 1067008K
  class space    used 2839K, capacity 2944K, committed 2944K, reserved 1048576K
Event: 5.316 GC heap after
Heap after GC invocations=1 (full 0):
 PSYoungGen      total 150016K, used 13612K [0x0000000719000000, 0x000000072b500000, 0x00000007c0000000)
  eden space 129024K, 0% used [0x0000000719000000,0x0000000719000000,0x0000000720e00000)
  from space 20992K, 64% used [0x0000000720e00000,0x0000000721b4b260,0x0000000722280000)
  to   space 20992K, 0% used [0x000000072a080000,0x000000072a080000,0x000000072b500000)
 ParOldGen       total 343040K, used 88K [0x00000005cb000000, 0x00000005dff00000, 0x0000000719000000)
  object space 343040K, 0% used [0x00000005cb000000,0x00000005cb016010,0x00000005dff00000)
 Metaspace       used 20771K, capacity 21244K, committed 21296K, reserved 1067008K
  class space    used 2839K, capacity 2944K, committed 2944K, reserved 1048576K
}
Event: 5.316 GC heap before
{Heap before GC invocations=2 (full 1):
 PSYoungGen      total 150016K, used 13612K [0x0000000719000000, 0x000000072b500000, 0x00000007c0000000)
  eden space 129024K, 0% used [0x0000000719000000,0x0000000719000000,0x0000000720e00000)
  from space 20992K, 64% used [0x0000000720e00000,0x0000000721b4b260,0x0000000722280000)
  to   space 20992K, 0% used [0x000000072a080000,0x000000072a080000,0x000000072b500000)
 ParOldGen       total 343040K, used 88K [0x00000005cb000000, 0x00000005dff00000, 0x0000000719000000)
  object space 343040K, 0% used [0x00000005cb000000,0x00000005cb016010,0x00000005dff00000)
 Metaspace       used 20771K, capacity 21244K, committed 21296K, reserved 1067008K
  class space    used 2839K, capacity 2944K, committed 2944K, reserved 1048576K
Event: 12.449 GC heap after
Heap after GC invocations=2 (full 1):
 PSYoungGen      total 150016K, used 0K [0x0000000719000000, 0x000000072b500000, 0x00000007c0000000)
  eden space 129024K, 0% used [0x0000000719000000,0x0000000719000000,0x0000000720e00000)
  from space 20992K, 0% used [0x0000000720e00000,0x0000000720e00000,0x0000000722280000)
  to   space 20992K, 0% used [0x000000072a080000,0x000000072a080000,0x000000072b500000)
 ParOldGen       total 267776K, used 12891K [0x00000005cb000000, 0x00000005db580000, 0x0000000719000000)
  object space 267776K, 4% used [0x00000005cb000000,0x00000005cbc96f78,0x00000005db580000)
 Metaspace       used 20757K, capacity 21202K, committed 21296K, reserved 1067008K
  class space    used 2835K, capacity 2937K, committed 2944K, reserved 1048576K
}

