# JRE version: OpenJDK Runtime Environment (8.0_442-b06) (build 1.8.0_442-8u442-b06~us1-0ubuntu1~20.04-b06)
# Java VM: OpenJDK 64-Bit Server VM (25.442-b06 mixed mode linux-amd64 compressed oops)
Heap:
 PSYoungGen      total 150016K, used 24966K [0x0000000719000000, 0x000000072b500000, 0x00000007c0000000)
  eden space 129024K, 19% used [0x0000000719000000,0x000000071a861810,0x0000000720e00000)
  from space 20992K, 0% used [0x0000000720e00000,0x0000000720e00000,0x0000000722280000)
  to   space 20992K, 0% used [0x000000072a080000,0x000000072a080000,0x000000072b500000)
 ParOldGen       total 264192K, used 12909K [0x00000005cb000000, 0x00000005db200000, 0x0000000719000000)
  object space 264192K, 4% used [0x00000005cb000000,0x00000005cbc9b570,0x00000005db200000)
 Metaspace       used 22456K, capacity 22974K, committed 23296K, reserved 1069056K
  class space    used 3069K, capacity 3202K, committed 3328K, reserved 1048576K
GC Heap History (4 events):
Event: 4.103 GC heap before
{Heap before GC invocations=1 (full 0):
 PSYoungGen      total 150016K, used 126471K [0x0000000719000000, 0x0000000723700000, 0x00000007c0000000)
  eden space 129024K, 98% used [0x0000000719000000,0x0000000720b81d60,0x0000000720e00000)
  from space 20992K, 0% used [0x0000000722280000,0x0000000722280000,0x0000000723700000)
  to   space 20992K, 0% used [0x0000000720e00000,0x0000000720e00000,0x0000000722280000)
 ParOldGen       total 343040K, used 0K [0x00000005cb000000, 0x00000005dff00000, 0x0000000719000000)
  object space 343040K, 0% used [0x00000005cb000000,0x00000005cb000000,0x00000005dff00000)
 Metaspace       used 20738K, capacity 21180K, committed 21296K, reserved 1067008K
  class space    used 2837K, capacity 2944K, committed 2944K, reserved 1048576K
Event: 4.277 GC heap after
Heap after GC invocations=1 (full 0):
 PSYoungGen      total 150016K, used 13590K [0x0000000719000000, 0x000000072b500000, 0x00000007c0000000)
  eden space 129024K, 0% used [0x0000000719000000,0x0000000719000000,0x0000000720e00000)
  from space 20992K, 64% used [0x0000000720e00000,0x0000000721b45b60,0x0000000722280000)
  to   space 20992K, 0% used [0x000000072a080000,0x000000072a080000,0x000000072b500000)
 ParOldGen       total 343040K, used 88K [0x00000005cb000000, 0x00000005dff00000, 0x0000000719000000)
  object space 343040K, 0% used [0x00000005cb000000,0x00000005cb016010,0x00000005dff00000)
 Metaspace       used 20738K, capacity 21180K, committed 21296K, reserved 1067008K
  class space    used 2837K, capacity 2944K, committed 2944K, reserved 1048576K
}
Event: 4.277 GC heap before
{Heap before GC invocations=2 (full 1):
 PSYoungGen      total 150016K, used 13590K [0x0000000719000000, 0x000000072b500000, 0x00000007c0000000)
  eden space 129024K, 0% used [0x0000000719000000,0x0000000719000000,0x0000000720e00000)
  from space 20992K, 64% used [0x0000000720e00000,0x0000000721b45b60,0x0000000722280000)
  to   space 20992K, 0% used [0x000000072a080000,0x000000072a080000,0x000000072b500000)
 ParOldGen       total 343040K, used 88K [0x00000005cb000000, 0x00000005dff00000, 0x0000000719000000)
  object space 343040K, 0% used [0x00000005cb000000,0x00000005cb016010,0x00000005dff00000)
 Metaspace       used 20738K, capacity 21180K, committed 21296K, reserved 1067008K
  class space    used 2837K, capacity 2944K, committed 2944K, reserved 1048576K
Event: 13.260 GC heap after
Heap after GC invocations=2 (full 1):
 PSYoungGen      total 150016K, used 0K [0x0000000719000000, 0x000000072b500000, 0x00000007c0000000)
  eden space 129024K, 0% used [0x0000000719000000,0x0000000719000000,0x0000000720e00000)
  from space 20992K, 0% used [0x0000000720e00000,0x0000000720e00000,0x0000000722280000)
  to   space 20992K, 0% used [0x000000072a080000,0x000000072a080000,0x000000072b500000)
 ParOldGen       total 264192K, used 12909K [0x00000005cb000000, 0x00000005db200000, 0x0000000719000000)
  object space 264192K, 4% used [0x00000005cb000000,0x00000005cbc9b570,0x00000005db200000)
 Metaspace       used 20725K, capacity 21138K, committed 21296K, reserved 1067008K
  class space    used 2833K, capacity 2937K, committed 2944K, reserved 1048576K
}

